<?xml version="1.0" encoding="UTF-8"?>
<testsuite xmlns:xsi="http://www.w3.org/2001/XMLSchema-instance" xsi:noNamespaceSchemaLocation="https://maven.apache.org/surefire/maven-surefire-plugin/xsd/surefire-test-report.xsd" name="com.stech.SpringbootJspLoginAppApplicationTests" time="3.844" tests="1" errors="0" skipped="0" failures="0">
  <properties>
    <property name="java.specification.version" value="17"/>
    <property name="sun.cpu.isalist" value="amd64"/>
    <property name="sun.jnu.encoding" value="Cp1252"/>
    <property name="java.class.path" value="C:\Users\surev\Downloads\springboot-jsp-login-app-main\springboot-jsp-login-app-main\target\test-classes;C:\Users\surev\Downloads\springboot-jsp-login-app-main\springboot-jsp-login-app-main\target\classes;C:\Users\surev\.m2\repository\org\springframework\boot\spring-boot-starter-actuator\3.0.10\spring-boot-starter-actuator-3.0.10.jar;C:\Users\surev\.m2\repository\org\springframework\boot\spring-boot-starter\3.0.10\spring-boot-starter-3.0.10.jar;C:\Users\surev\.m2\repository\org\springframework\boot\spring-boot-starter-logging\3.0.10\spring-boot-starter-logging-3.0.10.jar;C:\Users\surev\.m2\repository\ch\qos\logback\logback-classic\1.4.11\logback-classic-1.4.11.jar;C:\Users\surev\.m2\repository\ch\qos\logback\logback-core\1.4.11\logback-core-1.4.11.jar;C:\Users\surev\.m2\repository\org\apache\logging\log4j\log4j-to-slf4j\2.19.0\log4j-to-slf4j-2.19.0.jar;C:\Users\surev\.m2\repository\org\apache\logging\log4j\log4j-api\2.19.0\log4j-api-2.19.0.jar;C:\Users\surev\.m2\repository\org\slf4j\jul-to-slf4j\2.0.7\jul-to-slf4j-2.0.7.jar;C:\Users\surev\.m2\repository\jakarta\annotation\jakarta.annotation-api\2.1.1\jakarta.annotation-api-2.1.1.jar;C:\Users\surev\.m2\repository\org\yaml\snakeyaml\1.33\snakeyaml-1.33.jar;C:\Users\surev\.m2\repository\org\springframework\boot\spring-boot-actuator-autoconfigure\3.0.10\spring-boot-actuator-autoconfigure-3.0.10.jar;C:\Users\surev\.m2\repository\org\springframework\boot\spring-boot-actuator\3.0.10\spring-boot-actuator-3.0.10.jar;C:\Users\surev\.m2\repository\com\fasterxml\jackson\core\jackson-databind\2.14.3\jackson-databind-2.14.3.jar;C:\Users\surev\.m2\repository\com\fasterxml\jackson\core\jackson-annotations\2.14.3\jackson-annotations-2.14.3.jar;C:\Users\surev\.m2\repository\com\fasterxml\jackson\core\jackson-core\2.14.3\jackson-core-2.14.3.jar;C:\Users\surev\.m2\repository\com\fasterxml\jackson\datatype\jackson-datatype-jsr310\2.14.3\jackson-datatype-jsr310-2.14.3.jar;C:\Users\surev\.m2\repository\io\micrometer\micrometer-observation\1.10.10\micrometer-observation-1.10.10.jar;C:\Users\surev\.m2\repository\io\micrometer\micrometer-commons\1.10.10\micrometer-commons-1.10.10.jar;C:\Users\surev\.m2\repository\io\micrometer\micrometer-core\1.10.10\micrometer-core-1.10.10.jar;C:\Users\surev\.m2\repository\org\hdrhistogram\HdrHistogram\2.1.12\HdrHistogram-2.1.12.jar;C:\Users\surev\.m2\repository\org\latencyutils\LatencyUtils\2.0.3\LatencyUtils-2.0.3.jar;C:\Users\surev\.m2\repository\org\springframework\boot\spring-boot-starter-web\3.0.10\spring-boot-starter-web-3.0.10.jar;C:\Users\surev\.m2\repository\org\springframework\boot\spring-boot-starter-json\3.0.10\spring-boot-starter-json-3.0.10.jar;C:\Users\surev\.m2\repository\com\fasterxml\jackson\datatype\jackson-datatype-jdk8\2.14.3\jackson-datatype-jdk8-2.14.3.jar;C:\Users\surev\.m2\repository\com\fasterxml\jackson\module\jackson-module-parameter-names\2.14.3\jackson-module-parameter-names-2.14.3.jar;C:\Users\surev\.m2\repository\org\springframework\boot\spring-boot-starter-tomcat\3.0.10\spring-boot-starter-tomcat-3.0.10.jar;C:\Users\surev\.m2\repository\org\apache\tomcat\embed\tomcat-embed-websocket\10.1.12\tomcat-embed-websocket-10.1.12.jar;C:\Users\surev\.m2\repository\org\springframework\spring-web\6.0.11\spring-web-6.0.11.jar;C:\Users\surev\.m2\repository\org\springframework\spring-beans\6.0.11\spring-beans-6.0.11.jar;C:\Users\surev\.m2\repository\org\springframework\spring-webmvc\6.0.11\spring-webmvc-6.0.11.jar;C:\Users\surev\.m2\repository\org\springframework\spring-aop\6.0.11\spring-aop-6.0.11.jar;C:\Users\surev\.m2\repository\org\springframework\spring-context\6.0.11\spring-context-6.0.11.jar;C:\Users\surev\.m2\repository\org\springframework\spring-expression\6.0.11\spring-expression-6.0.11.jar;C:\Users\surev\.m2\repository\org\apache\tomcat\embed\tomcat-embed-jasper\10.1.12\tomcat-embed-jasper-10.1.12.jar;C:\Users\surev\.m2\repository\org\apache\tomcat\embed\tomcat-embed-core\10.1.12\tomcat-embed-core-10.1.12.jar;C:\Users\surev\.m2\repository\org\apache\tomcat\tomcat-annotations-api\10.1.12\tomcat-annotations-api-10.1.12.jar;C:\Users\surev\.m2\repository\org\apache\tomcat\embed\tomcat-embed-el\10.1.12\tomcat-embed-el-10.1.12.jar;C:\Users\surev\.m2\repository\org\eclipse\jdt\ecj\3.33.0\ecj-3.33.0.jar;C:\Users\surev\.m2\repository\org\springframework\boot\spring-boot-devtools\3.0.10\spring-boot-devtools-3.0.10.jar;C:\Users\surev\.m2\repository\org\springframework\boot\spring-boot\3.0.10\spring-boot-3.0.10.jar;C:\Users\surev\.m2\repository\org\springframework\boot\spring-boot-autoconfigure\3.0.10\spring-boot-autoconfigure-3.0.10.jar;C:\Users\surev\.m2\repository\org\springframework\boot\spring-boot-starter-test\3.0.10\spring-boot-starter-test-3.0.10.jar;C:\Users\surev\.m2\repository\org\springframework\boot\spring-boot-test\3.0.10\spring-boot-test-3.0.10.jar;C:\Users\surev\.m2\repository\org\springframework\boot\spring-boot-test-autoconfigure\3.0.10\spring-boot-test-autoconfigure-3.0.10.jar;C:\Users\surev\.m2\repository\com\jayway\jsonpath\json-path\2.7.0\json-path-2.7.0.jar;C:\Users\surev\.m2\repository\net\minidev\json-smart\2.4.11\json-smart-2.4.11.jar;C:\Users\surev\.m2\repository\net\minidev\accessors-smart\2.4.11\accessors-smart-2.4.11.jar;C:\Users\surev\.m2\repository\org\ow2\asm\asm\9.3\asm-9.3.jar;C:\Users\surev\.m2\repository\org\slf4j\slf4j-api\2.0.7\slf4j-api-2.0.7.jar;C:\Users\surev\.m2\repository\jakarta\xml\bind\jakarta.xml.bind-api\4.0.0\jakarta.xml.bind-api-4.0.0.jar;C:\Users\surev\.m2\repository\jakarta\activation\jakarta.activation-api\2.1.2\jakarta.activation-api-2.1.2.jar;C:\Users\surev\.m2\repository\org\assertj\assertj-core\3.23.1\assertj-core-3.23.1.jar;C:\Users\surev\.m2\repository\net\bytebuddy\byte-buddy\1.12.23\byte-buddy-1.12.23.jar;C:\Users\surev\.m2\repository\org\hamcrest\hamcrest\2.2\hamcrest-2.2.jar;C:\Users\surev\.m2\repository\org\junit\jupiter\junit-jupiter\5.9.3\junit-jupiter-5.9.3.jar;C:\Users\surev\.m2\repository\org\junit\jupiter\junit-jupiter-api\5.9.3\junit-jupiter-api-5.9.3.jar;C:\Users\surev\.m2\repository\org\opentest4j\opentest4j\1.2.0\opentest4j-1.2.0.jar;C:\Users\surev\.m2\repository\org\junit\platform\junit-platform-commons\1.9.3\junit-platform-commons-1.9.3.jar;C:\Users\surev\.m2\repository\org\apiguardian\apiguardian-api\1.1.2\apiguardian-api-1.1.2.jar;C:\Users\surev\.m2\repository\org\junit\jupiter\junit-jupiter-params\5.9.3\junit-jupiter-params-5.9.3.jar;C:\Users\surev\.m2\repository\org\junit\jupiter\junit-jupiter-engine\5.9.3\junit-jupiter-engine-5.9.3.jar;C:\Users\surev\.m2\repository\org\junit\platform\junit-platform-engine\1.9.3\junit-platform-engine-1.9.3.jar;C:\Users\surev\.m2\repository\org\mockito\mockito-core\4.8.1\mockito-core-4.8.1.jar;C:\Users\surev\.m2\repository\net\bytebuddy\byte-buddy-agent\1.12.23\byte-buddy-agent-1.12.23.jar;C:\Users\surev\.m2\repository\org\objenesis\objenesis\3.2\objenesis-3.2.jar;C:\Users\surev\.m2\repository\org\mockito\mockito-junit-jupiter\4.8.1\mockito-junit-jupiter-4.8.1.jar;C:\Users\surev\.m2\repository\org\skyscreamer\jsonassert\1.5.1\jsonassert-1.5.1.jar;C:\Users\surev\.m2\repository\com\vaadin\external\google\android-json\0.0.20131108.vaadin1\android-json-0.0.20131108.vaadin1.jar;C:\Users\surev\.m2\repository\org\springframework\spring-core\6.0.11\spring-core-6.0.11.jar;C:\Users\surev\.m2\repository\org\springframework\spring-jcl\6.0.11\spring-jcl-6.0.11.jar;C:\Users\surev\.m2\repository\org\springframework\spring-test\6.0.11\spring-test-6.0.11.jar;C:\Users\surev\.m2\repository\org\xmlunit\xmlunit-core\2.9.1\xmlunit-core-2.9.1.jar;"/>
    <property name="java.vm.vendor" value="Eclipse Adoptium"/>
    <property name="sun.arch.data.model" value="64"/>
    <property name="user.variant" value=""/>
    <property name="java.vendor.url" value="https://adoptium.net/"/>
    <property name="user.timezone" value="Asia/Calcutta"/>
    <property name="os.name" value="Windows 11"/>
    <property name="java.vm.specification.version" value="17"/>
    <property name="sun.java.launcher" value="SUN_STANDARD"/>
    <property name="user.country" value="IN"/>
    <property name="sun.boot.library.path" value="C:\Users\surev\.p2\pool\plugins\org.eclipse.justj.openjdk.hotspot.jre.full.win32.x86_64_17.0.11.v20240426-1830\jre\bin"/>
    <property name="sun.java.command" value="C:\Users\surev\AppData\Local\Temp\surefire17382978758032123980\surefirebooter896837200777167465.jar C:\Users\surev\AppData\Local\Temp\surefire17382978758032123980 2024-05-18T15-23-24_211-jvmRun1 surefire9482346799238772227tmp surefire_07855367760651162301tmp"/>
    <property name="jdk.debug" value="release"/>
    <property name="surefire.test.class.path" value="C:\Users\surev\Downloads\springboot-jsp-login-app-main\springboot-jsp-login-app-main\target\test-classes;C:\Users\surev\Downloads\springboot-jsp-login-app-main\springboot-jsp-login-app-main\target\classes;C:\Users\surev\.m2\repository\org\springframework\boot\spring-boot-starter-actuator\3.0.10\spring-boot-starter-actuator-3.0.10.jar;C:\Users\surev\.m2\repository\org\springframework\boot\spring-boot-starter\3.0.10\spring-boot-starter-3.0.10.jar;C:\Users\surev\.m2\repository\org\springframework\boot\spring-boot-starter-logging\3.0.10\spring-boot-starter-logging-3.0.10.jar;C:\Users\surev\.m2\repository\ch\qos\logback\logback-classic\1.4.11\logback-classic-1.4.11.jar;C:\Users\surev\.m2\repository\ch\qos\logback\logback-core\1.4.11\logback-core-1.4.11.jar;C:\Users\surev\.m2\repository\org\apache\logging\log4j\log4j-to-slf4j\2.19.0\log4j-to-slf4j-2.19.0.jar;C:\Users\surev\.m2\repository\org\apache\logging\log4j\log4j-api\2.19.0\log4j-api-2.19.0.jar;C:\Users\surev\.m2\repository\org\slf4j\jul-to-slf4j\2.0.7\jul-to-slf4j-2.0.7.jar;C:\Users\surev\.m2\repository\jakarta\annotation\jakarta.annotation-api\2.1.1\jakarta.annotation-api-2.1.1.jar;C:\Users\surev\.m2\repository\org\yaml\snakeyaml\1.33\snakeyaml-1.33.jar;C:\Users\surev\.m2\repository\org\springframework\boot\spring-boot-actuator-autoconfigure\3.0.10\spring-boot-actuator-autoconfigure-3.0.10.jar;C:\Users\surev\.m2\repository\org\springframework\boot\spring-boot-actuator\3.0.10\spring-boot-actuator-3.0.10.jar;C:\Users\surev\.m2\repository\com\fasterxml\jackson\core\jackson-databind\2.14.3\jackson-databind-2.14.3.jar;C:\Users\surev\.m2\repository\com\fasterxml\jackson\core\jackson-annotations\2.14.3\jackson-annotations-2.14.3.jar;C:\Users\surev\.m2\repository\com\fasterxml\jackson\core\jackson-core\2.14.3\jackson-core-2.14.3.jar;C:\Users\surev\.m2\repository\com\fasterxml\jackson\datatype\jackson-datatype-jsr310\2.14.3\jackson-datatype-jsr310-2.14.3.jar;C:\Users\surev\.m2\repository\io\micrometer\micrometer-observation\1.10.10\micrometer-observation-1.10.10.jar;C:\Users\surev\.m2\repository\io\micrometer\micrometer-commons\1.10.10\micrometer-commons-1.10.10.jar;C:\Users\surev\.m2\repository\io\micrometer\micrometer-core\1.10.10\micrometer-core-1.10.10.jar;C:\Users\surev\.m2\repository\org\hdrhistogram\HdrHistogram\2.1.12\HdrHistogram-2.1.12.jar;C:\Users\surev\.m2\repository\org\latencyutils\LatencyUtils\2.0.3\LatencyUtils-2.0.3.jar;C:\Users\surev\.m2\repository\org\springframework\boot\spring-boot-starter-web\3.0.10\spring-boot-starter-web-3.0.10.jar;C:\Users\surev\.m2\repository\org\springframework\boot\spring-boot-starter-json\3.0.10\spring-boot-starter-json-3.0.10.jar;C:\Users\surev\.m2\repository\com\fasterxml\jackson\datatype\jackson-datatype-jdk8\2.14.3\jackson-datatype-jdk8-2.14.3.jar;C:\Users\surev\.m2\repository\com\fasterxml\jackson\module\jackson-module-parameter-names\2.14.3\jackson-module-parameter-names-2.14.3.jar;C:\Users\surev\.m2\repository\org\springframework\boot\spring-boot-starter-tomcat\3.0.10\spring-boot-starter-tomcat-3.0.10.jar;C:\Users\surev\.m2\repository\org\apache\tomcat\embed\tomcat-embed-websocket\10.1.12\tomcat-embed-websocket-10.1.12.jar;C:\Users\surev\.m2\repository\org\springframework\spring-web\6.0.11\spring-web-6.0.11.jar;C:\Users\surev\.m2\repository\org\springframework\spring-beans\6.0.11\spring-beans-6.0.11.jar;C:\Users\surev\.m2\repository\org\springframework\spring-webmvc\6.0.11\spring-webmvc-6.0.11.jar;C:\Users\surev\.m2\repository\org\springframework\spring-aop\6.0.11\spring-aop-6.0.11.jar;C:\Users\surev\.m2\repository\org\springframework\spring-context\6.0.11\spring-context-6.0.11.jar;C:\Users\surev\.m2\repository\org\springframework\spring-expression\6.0.11\spring-expression-6.0.11.jar;C:\Users\surev\.m2\repository\org\apache\tomcat\embed\tomcat-embed-jasper\10.1.12\tomcat-embed-jasper-10.1.12.jar;C:\Users\surev\.m2\repository\org\apache\tomcat\embed\tomcat-embed-core\10.1.12\tomcat-embed-core-10.1.12.jar;C:\Users\surev\.m2\repository\org\apache\tomcat\tomcat-annotations-api\10.1.12\tomcat-annotations-api-10.1.12.jar;C:\Users\surev\.m2\repository\org\apache\tomcat\embed\tomcat-embed-el\10.1.12\tomcat-embed-el-10.1.12.jar;C:\Users\surev\.m2\repository\org\eclipse\jdt\ecj\3.33.0\ecj-3.33.0.jar;C:\Users\surev\.m2\repository\org\springframework\boot\spring-boot-devtools\3.0.10\spring-boot-devtools-3.0.10.jar;C:\Users\surev\.m2\repository\org\springframework\boot\spring-boot\3.0.10\spring-boot-3.0.10.jar;C:\Users\surev\.m2\repository\org\springframework\boot\spring-boot-autoconfigure\3.0.10\spring-boot-autoconfigure-3.0.10.jar;C:\Users\surev\.m2\repository\org\springframework\boot\spring-boot-starter-test\3.0.10\spring-boot-starter-test-3.0.10.jar;C:\Users\surev\.m2\repository\org\springframework\boot\spring-boot-test\3.0.10\spring-boot-test-3.0.10.jar;C:\Users\surev\.m2\repository\org\springframework\boot\spring-boot-test-autoconfigure\3.0.10\spring-boot-test-autoconfigure-3.0.10.jar;C:\Users\surev\.m2\repository\com\jayway\jsonpath\json-path\2.7.0\json-path-2.7.0.jar;C:\Users\surev\.m2\repository\net\minidev\json-smart\2.4.11\json-smart-2.4.11.jar;C:\Users\surev\.m2\repository\net\minidev\accessors-smart\2.4.11\accessors-smart-2.4.11.jar;C:\Users\surev\.m2\repository\org\ow2\asm\asm\9.3\asm-9.3.jar;C:\Users\surev\.m2\repository\org\slf4j\slf4j-api\2.0.7\slf4j-api-2.0.7.jar;C:\Users\surev\.m2\repository\jakarta\xml\bind\jakarta.xml.bind-api\4.0.0\jakarta.xml.bind-api-4.0.0.jar;C:\Users\surev\.m2\repository\jakarta\activation\jakarta.activation-api\2.1.2\jakarta.activation-api-2.1.2.jar;C:\Users\surev\.m2\repository\org\assertj\assertj-core\3.23.1\assertj-core-3.23.1.jar;C:\Users\surev\.m2\repository\net\bytebuddy\byte-buddy\1.12.23\byte-buddy-1.12.23.jar;C:\Users\surev\.m2\repository\org\hamcrest\hamcrest\2.2\hamcrest-2.2.jar;C:\Users\surev\.m2\repository\org\junit\jupiter\junit-jupiter\5.9.3\junit-jupiter-5.9.3.jar;C:\Users\surev\.m2\repository\org\junit\jupiter\junit-jupiter-api\5.9.3\junit-jupiter-api-5.9.3.jar;C:\Users\surev\.m2\repository\org\opentest4j\opentest4j\1.2.0\opentest4j-1.2.0.jar;C:\Users\surev\.m2\repository\org\junit\platform\junit-platform-commons\1.9.3\junit-platform-commons-1.9.3.jar;C:\Users\surev\.m2\repository\org\apiguardian\apiguardian-api\1.1.2\apiguardian-api-1.1.2.jar;C:\Users\surev\.m2\repository\org\junit\jupiter\junit-jupiter-params\5.9.3\junit-jupiter-params-5.9.3.jar;C:\Users\surev\.m2\repository\org\junit\jupiter\junit-jupiter-engine\5.9.3\junit-jupiter-engine-5.9.3.jar;C:\Users\surev\.m2\repository\org\junit\platform\junit-platform-engine\1.9.3\junit-platform-engine-1.9.3.jar;C:\Users\surev\.m2\repository\org\mockito\mockito-core\4.8.1\mockito-core-4.8.1.jar;C:\Users\surev\.m2\repository\net\bytebuddy\byte-buddy-agent\1.12.23\byte-buddy-agent-1.12.23.jar;C:\Users\surev\.m2\repository\org\objenesis\objenesis\3.2\objenesis-3.2.jar;C:\Users\surev\.m2\repository\org\mockito\mockito-junit-jupiter\4.8.1\mockito-junit-jupiter-4.8.1.jar;C:\Users\surev\.m2\repository\org\skyscreamer\jsonassert\1.5.1\jsonassert-1.5.1.jar;C:\Users\surev\.m2\repository\com\vaadin\external\google\android-json\0.0.20131108.vaadin1\android-json-0.0.20131108.vaadin1.jar;C:\Users\surev\.m2\repository\org\springframework\spring-core\6.0.11\spring-core-6.0.11.jar;C:\Users\surev\.m2\repository\org\springframework\spring-jcl\6.0.11\spring-jcl-6.0.11.jar;C:\Users\surev\.m2\repository\org\springframework\spring-test\6.0.11\spring-test-6.0.11.jar;C:\Users\surev\.m2\repository\org\xmlunit\xmlunit-core\2.9.1\xmlunit-core-2.9.1.jar;"/>
    <property name="sun.cpu.endian" value="little"/>
    <property name="user.home" value="C:\Users\surev"/>
    <property name="user.language" value="en"/>
    <property name="java.specification.vendor" value="Oracle Corporation"/>
    <property name="java.version.date" value="2024-04-16"/>
    <property name="java.home" value="C:\Users\surev\.p2\pool\plugins\org.eclipse.justj.openjdk.hotspot.jre.full.win32.x86_64_17.0.11.v20240426-1830\jre"/>
    <property name="file.separator" value="\"/>
    <property name="style.color" value="always"/>
    <property name="basedir" value="C:\Users\surev\Downloads\springboot-jsp-login-app-main\springboot-jsp-login-app-main"/>
    <property name="java.vm.compressedOopsMode" value="32-bit"/>
    <property name="line.separator" value="&#10;"/>
    <property name="java.vm.specification.vendor" value="Oracle Corporation"/>
    <property name="java.specification.name" value="Java Platform API Specification"/>
    <property name="surefire.real.class.path" value="C:\Users\surev\AppData\Local\Temp\surefire17382978758032123980\surefirebooter896837200777167465.jar"/>
    <property name="user.script" value=""/>
    <property name="sun.management.compiler" value="HotSpot 64-Bit Tiered Compilers"/>
    <property name="java.runtime.version" value="17.0.11+9"/>
    <property name="user.name" value="sure"/>
    <property name="path.separator" value=";"/>
    <property name="os.version" value="10.0"/>
    <property name="java.runtime.name" value="OpenJDK Runtime Environment"/>
    <property name="file.encoding" value="Cp1252"/>
    <property name="java.vm.name" value="OpenJDK 64-Bit Server VM"/>
    <property name="java.vendor.version" value="Temurin-17.0.11+9"/>
    <property name="localRepository" value="C:\Users\surev\.m2\repository"/>
    <property name="java.vendor.url.bug" value="https://github.com/adoptium/adoptium-support/issues"/>
    <property name="java.io.tmpdir" value="C:\Users\surev\AppData\Local\Temp\"/>
    <property name="java.version" value="17.0.11"/>
    <property name="user.dir" value="C:\Users\surev\Downloads\springboot-jsp-login-app-main\springboot-jsp-login-app-main"/>
    <property name="os.arch" value="amd64"/>
    <property name="java.vm.specification.name" value="Java Virtual Machine Specification"/>
    <property name="sun.os.patch.level" value=""/>
    <property name="native.encoding" value="Cp1252"/>
    <property name="java.library.path" value="C:\Users\surev\.p2\pool\plugins\org.eclipse.justj.openjdk.hotspot.jre.full.win32.x86_64_17.0.11.v20240426-1830\jre\bin;C:\windows\Sun\Java\bin;C:\windows\system32;C:\windows;C:/Users/surev/.p2/pool/plugins/org.eclipse.justj.openjdk.hotspot.jre.full.win32.x86_64_22.0.1.v20240426-1149/jre/bin/server;C:/Users/surev/.p2/pool/plugins/org.eclipse.justj.openjdk.hotspot.jre.full.win32.x86_64_22.0.1.v20240426-1149/jre/bin;C:\Program Files\Common Files\Oracle\Java\javapath;C:\Program Files (x86)\Common Files\Oracle\Java\java8path;C:\Program Files (x86)\Common Files\Oracle\Java\javapath;C:\app\db_home\bin;C:\windows\system32;C:\windows;C:\windows\System32\Wbem;C:\windows\System32\WindowsPowerShell\v1.0\;C:\windows\System32\OpenSSH\;C:\Program Files\nodejs\;C:\Program Files\Git\cmd;C:\Program Files (x86)\Microsoft SQL Server\160\Tools\Binn\;C:\Program Files\Microsoft SQL Server\160\Tools\Binn\;C:\Program Files\Microsoft SQL Server\Client SDK\ODBC\170\Tools\Binn\;C:\Program Files\Microsoft SQL Server\160\DTS\Binn\;C:\Program Files\Java\jdk-22\bin;C:\Users\surev\AppData\Local\Programs\Python\Python39\Scripts\;C:\Users\surev\AppData\Local\Programs\Python\Python39\;C:\Users\surev\AppData\Local\Microsoft\WindowsApps;C:\Users\surev\AppData\Local\Programs\Microsoft VS Code\bin;C:\Users\surev\AppData\Roaming\npm;C:\Program Files\MySQL\MySQL Server 8.4\bin;;C:\Users\surev\OneDrive\Desktop;;."/>
    <property name="java.vm.info" value="mixed mode"/>
    <property name="java.vendor" value="Eclipse Adoptium"/>
    <property name="java.vm.version" value="17.0.11+9"/>
    <property name="sun.io.unicode.encoding" value="UnicodeLittle"/>
    <property name="java.class.version" value="61.0"/>
  </properties>
  <testcase name="contextLoads" classname="com.stech.SpringbootJspLoginAppApplicationTests" time="0.643"/>
</testsuite>